<?xml version="1.0" encoding="UTF-8"?>
<testsuite name="transfer.api.service.MoneyTransferServiceTest" tests="3" skipped="0" failures="0" errors="0" timestamp="2019-07-09T18:42:35" hostname="Imran-Sharifs-MacBook-Air.local" time="0.614">
  <properties/>
  <testcase name="testProcessMoneyTransferRequestWhenAllParametersAreValid" classname="transfer.api.service.MoneyTransferServiceTest" time="0.607"/>
  <testcase name="testProcessAccountBalanceRequestReturnAccountBalanceWhenAccountIsValid" classname="transfer.api.service.MoneyTransferServiceTest" time="0.004"/>
  <testcase name="testProcessAccountBalanceRequestReturnAccountBalanceWhenAccountIsInValid" classname="transfer.api.service.MoneyTransferServiceTest" time="0.003"/>
  <system-out><![CDATA[]]></system-out>
  <system-err><![CDATA[]]></system-err>
</testsuite>
